<?xml version="1.0" encoding="UTF-8"?>
<!-- Generated by org.testng.reporters.JUnitReportReporter -->
<testsuite hostname="DESKTOP-AP4JK8A" failures="0" tests="4" name="openMRS.testCases.TC_LoginDDT_002" time="19.812" errors="0" timestamp="2024-02-08T12:15:50 IST" skipped="0">
  <testcase classname="openMRS.testCases.TC_LoginDDT_002" name="LoginTest01" time="4.224"/>
  <system-out/>
  <testcase classname="openMRS.testCases.TC_LoginDDT_002" name="LoginTest01" time="4.338"/>
  <system-out/>
  <testcase classname="openMRS.testCases.TC_LoginDDT_002" name="LoginTest01" time="3.729"/>
  <system-out/>
  <testcase classname="openMRS.testCases.TC_LoginDDT_002" name="LoginTest01" time="7.521"/>
  <system-out/>
</testsuite> <!-- openMRS.testCases.TC_LoginDDT_002 -->
