<?xml version="1.0" encoding="UTF-8"?>
<!-- Generated by org.testng.reporters.JUnitReportReporter -->
<testsuite hostname="DESKTOP-AP4JK8A" failures="0" tests="1" name="openMRS.testCases.TC_IsolationWord_004" time="14.869" errors="0" timestamp="2024-02-08T12:23:01 IST" skipped="0">
  <testcase classname="openMRS.testCases.TC_IsolationWord_004" name="IsolationWordTest" time="14.869"/>
  <system-out/>
</testsuite> <!-- openMRS.testCases.TC_IsolationWord_004 -->
