<?xml version="1.0" encoding="UTF-8"?>
<!-- Generated by org.testng.reporters.JUnitReportReporter -->
<testsuite hostname="DESKTOP-AP4JK8A" failures="0" tests="4" name="openMRS.testCases.TC_LoginDDT_002" time="21.622" errors="0" timestamp="2024-02-08T12:23:01 IST" skipped="0">
  <testcase classname="openMRS.testCases.TC_LoginDDT_002" name="LoginTest01" time="3.867"/>
  <system-out/>
  <testcase classname="openMRS.testCases.TC_LoginDDT_002" name="LoginTest01" time="3.933"/>
  <system-out/>
  <testcase classname="openMRS.testCases.TC_LoginDDT_002" name="LoginTest01" time="9.730"/>
  <system-out/>
  <testcase classname="openMRS.testCases.TC_LoginDDT_002" name="LoginTest01" time="4.092"/>
  <system-out/>
</testsuite> <!-- openMRS.testCases.TC_LoginDDT_002 -->
