<?xml version="1.0" encoding="UTF-8"?>
<!-- Generated by org.testng.reporters.JUnitReportReporter -->
<testsuite hostname="DESKTOP-AP4JK8A" failures="0" tests="1" name="openMRS.testCases.TC_LoginTest_001" time="9.023" errors="0" timestamp="2024-02-08T12:23:01 IST" skipped="0">
  <testcase classname="openMRS.testCases.TC_LoginTest_001" name="LoginTest" time="9.023"/>
  <system-out/>
</testsuite> <!-- openMRS.testCases.TC_LoginTest_001 -->
